
  ==========================================
  Studio Pro version: 9.1.4
  Started at: 12.03.2023, 21:02:08
  ==========================================
  

[2023-03-12T15:14:28.385Z] : [success]: Robot saved successfully

[2023-03-12T15:14:37.442Z] : [success]: The workflow has been exported successfully

[2023-03-12T15:22:27.096Z] : [success]: Robot saved successfully

[2023-03-12T15:22:35.136Z] : [success]: The workflow has been exported successfully

[2023-03-12T16:13:02.782Z] : [info]: Internet connection // error

[2023-03-12T16:13:14.556Z] : [success]: Connection to our licenses server is restored

[2023-03-12T18:40:33.119Z] : [info]: Internet connection // error

[2023-03-12T20:16:12.357Z] : [success]: Connection to our licenses server is restored

[2023-03-12T20:19:02.275Z] : [success]: Robot saved successfully

[2023-03-12T20:19:41.643Z] : [success]: Robot saved successfully

[2023-03-12T20:19:44.148Z] : [success]: Robot saved successfully

[2023-03-12T20:24:04.512Z] : [success]: Robot saved successfully

[2023-03-12T20:24:06.550Z] : [success]: Robot saved successfully

[2023-03-12T20:24:21.393Z] : [success]: Robot saved successfully

[2023-03-12T20:24:22.130Z] : [success]: Robot saved successfully

[2023-03-12T20:24:41.432Z] : [success]: Robot saved successfully

[2023-03-12T20:24:52.361Z] : [success]: Robot saved successfully

[2023-03-12T20:27:59.974Z] : [success]: Robot saved successfully

[2023-03-12T20:31:37.994Z] : [success]: Robot saved successfully

[2023-03-12T20:31:44.162Z] : [success]: Robot saved successfully

[2023-03-12T20:31:49.034Z] : [info]: ---------------------------------------------

[2023-03-12T20:31:49.035Z] : [success]: Bot started

[2023-03-12T20:31:49.035Z] : [info]: Robot start

[2023-03-12T20:32:25.452Z] : [success]: Bot started

[2023-03-12T20:32:25.453Z] : [info]: Robot start

[2023-03-12T20:32:36.227Z] : [info]: {"id":473969,"name":"Антиржавчина –  чистящее средство от известкового налета и ржавчины 1 л","created_by":6765538,"updated_by":6765538,"created_at":1673517394,"updated_at":1676610969,"is_deleted":null,"custom_fields_values":[{"field_id":611821,"field_name":"Артикул","field_code":"SKU","field_type":"text","values":[{"value":"0710535846850"}]},{"field_id":611823,"field_name":"Описание","field_code":"DESCRIPTION","field_type":"textarea","values":[{"value":"Густой гель для ежедневной чистки сантехники - унитазов, ванн, раковин и кафеля, а также стоков и сливов. Безупречно очищает и дезинфицирует. Обладает ярко выраженным ароматом свежести, который помогает устранить неприятные запахи. Гарантирован экономичный расход.\n\n\nИспользовать в перчатках"}]},{"field_id":611825,"field_name":"Розница","field_code":"PRICE","field_type":"price","values":[{"value":"1870"}]},{"field_id":611827,"field_name":"Группа","field_code":"GROUP","field_type":"category","values":[{"value":"Моющие средства","enum_id":7505,"enum_code":null}]},{"field_id":611831,"field_name":"Единица измерения","field_code":"UNIT","field_type":"select","values":[{"value":"шт","enum_id":393647,"enum_code":null}]},{"field_id":611835,"field_name":"Опт цена","field_code":"WHOLESALE_PRICE","field_type":"price","values":[{"value":"1500"}]},{"field_id":665351,"field_name":"Розница -10%","field_code":null,"field_type":"price","values":[{"value":"1683"}]},{"field_id":665353,"field_name":"Розница -5%","field_code":null,"field_type":"price","values":[{"value":"1776"}]},{"field_id":667689,"field_name":"Бонус 1тг","field_code":null,"field_type":"price","values":[{"value":"1"}]},{"field_id":667691,"field_name":"Розница -6%","field_code":null,"field_type":"price","values":[{"value":"1757"}]}],"catalog_id":5975,"account_id":30301498,"_links":{"self":{"href":"https://wectradekz.amocrm.ru/api/v4/catalogs/5975/elements/473969?page=1&limit=50"}}}

[2023-03-12T20:32:36.917Z] : [info]: {"id":473965,"name":"Гель для мытья посуды - Gin Econom 1 л","created_by":6765538,"updated_by":6765538,"created_at":1673517319,"updated_at":1676610977,"is_deleted":null,"custom_fields_values":[{"field_id":611821,"field_name":"Артикул","field_code":"SKU","field_type":"text","values":[{"value":"0710535846249"}]},{"field_id":611823,"field_name":"Описание","field_code":"DESCRIPTION","field_type":"textarea","values":[{"value":"Концентрированное средство для ручного мытья посуды. Быстро и эффективно удаляет жир даже в холодной воде. Полностью смывается, не оставляет следов на посуде. Способствует быстрому высушиванию посуды и столовых приборов. Экономно расходуется. Безопасен для септиков, биоразлагаем.\n\nАромат: лимон"}]},{"field_id":611825,"field_name":"Розница","field_code":"PRICE","field_type":"price","values":[{"value":"940"}]},{"field_id":611827,"field_name":"Группа","field_code":"GROUP","field_type":"category","values":[{"value":"Для мытья посуды","enum_id":7501,"enum_code":null}]},{"field_id":611831,"field_name":"Единица измерения","field_code":"UNIT","field_type":"select","values":[{"value":"шт","enum_id":393647,"enum_code":null}]},{"field_id":611835,"field_name":"Опт цена","field_code":"WHOLESALE_PRICE","field_type":"price","values":[{"value":"755"}]},{"field_id":665351,"field_name":"Розница -10%","field_code":null,"field_type":"price","values":[{"value":"846"}]},{"field_id":665353,"field_name":"Розница -5%","field_code":null,"field_type":"price","values":[{"value":"893"}]},{"field_id":667689,"field_name":"Бонус 1тг","field_code":null,"field_type":"price","values":[{"value":"1"}]},{"field_id":667691,"field_name":"Розница -6%","field_code":null,"field_type":"price","values":[{"value":"883"}]}],"catalog_id":5975,"account_id":30301498,"_links":{"self":{"href":"https://wectradekz.amocrm.ru/api/v4/catalogs/5975/elements/473965?page=1&limit=50"}}}

[2023-03-12T20:32:37.388Z] : [info]: {"id":473937,"name":"Гель для стирки универсальный - Optimum гипоаллергенный 5 л","created_by":6765538,"updated_by":6765541,"created_at":1673516690,"updated_at":1677660294,"is_deleted":null,"custom_fields_values":[{"field_id":611821,"field_name":"Артикул","field_code":"SKU","field_type":"text","values":[{"value":"0710535846515"}]},{"field_id":611823,"field_name":"Описание","field_code":"DESCRIPTION","field_type":"textarea","values":[{"value":"Универсальный гель для стирки белого, цветного и чёрного белья. Для машинной и ручной стирки при температуре 30-60 0С . Эффективно отстирывает даже в холодной воде, полностью выполаскивается и не оставляет разводов на одежде. Специальный состав предотвращает образование «катышков» и сохраняет цвета от изменения. Идеален для самых чувствительных малышей и аллергиков.\n\nАромат: без аромата"}]},{"field_id":611825,"field_name":"Розница","field_code":"PRICE","field_type":"price","values":[{"value":"4850"}]},{"field_id":611827,"field_name":"Группа","field_code":"GROUP","field_type":"category","values":[{"value":"Средства для стирки","enum_id":5767,"enum_code":null}]},{"field_id":611831,"field_name":"Единица измерения","field_code":"UNIT","field_type":"select","values":[{"value":"шт","enum_id":393647,"enum_code":null}]},{"field_id":611835,"field_name":"Опт цена","field_code":"WHOLESALE_PRICE","field_type":"price","values":[{"value":"3880"}]},{"field_id":665351,"field_name":"Розница -10%","field_code":null,"field_type":"price","values":[{"value":"4365"}]},{"field_id":665353,"field_name":"Розница -5%","field_code":null,"field_type":"price","values":[{"value":"4607"}]},{"field_id":667689,"field_name":"Бонус 1тг","field_code":null,"field_type":"price","values":[{"value":"1"}]},{"field_id":667691,"field_name":"Розница -6%","field_code":null,"field_type":"price","values":[{"value":"4559"}]}],"catalog_id":5975,"account_id":30301498,"_links":{"self":{"href":"https://wectradekz.amocrm.ru/api/v4/catalogs/5975/elements/473937?page=1&limit=50"}}}

[2023-03-12T20:32:37.956Z] : [info]: {"id":473865,"name":"Хозяйственное мыло 72% - универсальное моющее средство 1 л","created_by":6765538,"updated_by":6765538,"created_at":1673514939,"updated_at":1676611155,"is_deleted":null,"custom_fields_values":[{"field_id":611821,"field_name":"Артикул","field_code":"SKU","field_type":"text","values":[{"value":"0710535846836"}]},{"field_id":611823,"field_name":"Описание","field_code":"DESCRIPTION","field_type":"textarea","values":[{"value":"Изготовлено на натуральной основе. Обладает бактерицидным действием и приятным натуральным ароматом. Эффективно обезжиривает и очищает от грязи твёрдые поверхности из любых материалов. Может использоваться для мойки посуды, мытья пола и ручной стирки белья. Работает в воде любой жесткости. Нетоксично, биоразлагаемо."}]},{"field_id":611825,"field_name":"Розница","field_code":"PRICE","field_type":"price","values":[{"value":"1040"}]},{"field_id":611827,"field_name":"Группа","field_code":"GROUP","field_type":"category","values":[{"value":"Моющие средства","enum_id":7505,"enum_code":null}]},{"field_id":611831,"field_name":"Единица измерения","field_code":"UNIT","field_type":"select","values":[{"value":"шт","enum_id":393647,"enum_code":null}]},{"field_id":611835,"field_name":"Опт цена","field_code":"WHOLESALE_PRICE","field_type":"price","values":[{"value":"830"}]},{"field_id":665351,"field_name":"Розница -10%","field_code":null,"field_type":"price","values":[{"value":"936"}]},{"field_id":665353,"field_name":"Розница -5%","field_code":null,"field_type":"price","values":[{"value":"988"}]},{"field_id":667689,"field_name":"Бонус 1тг","field_code":null,"field_type":"price","values":[{"value":"1"}]},{"field_id":667691,"field_name":"Розница -6%","field_code":null,"field_type":"price","values":[{"value":"977"}]}],"catalog_id":5975,"account_id":30301498,"_links":{"self":{"href":"https://wectradekz.amocrm.ru/api/v4/catalogs/5975/elements/473865?page=1&limit=50"}}}

[2023-03-12T20:32:38.040Z] : [warn]: Keep in mind that it is good practice to set different names for variables. If a global and a local variable have the same name, the local one may shadow the global one. In case, you want to keep the names alike, we recommend you enable the Clear variables before execution option or add a lowercase “g” to the global one

[2023-03-12T20:32:38.788Z] : [success]: Bot finished successfully, total execution time: 13s 334ms

[2023-03-12T20:32:38.789Z] : [info]: ---------------------------------------------

[2023-03-12T20:33:48.236Z] : [success]: Bot started

[2023-03-12T20:33:48.236Z] : [info]: Robot start

[2023-03-12T20:33:56.355Z] : [warn]: Keep in mind that it is good practice to set different names for variables. If a global and a local variable have the same name, the local one may shadow the global one. In case, you want to keep the names alike, we recommend you enable the Clear variables before execution option or add a lowercase “g” to the global one

[2023-03-12T20:35:05.020Z] : [success]: Bot started

[2023-03-12T20:35:05.021Z] : [info]: Robot start

[2023-03-12T20:35:11.946Z] : [warn]: Keep in mind that it is good practice to set different names for variables. If a global and a local variable have the same name, the local one may shadow the global one. In case, you want to keep the names alike, we recommend you enable the Clear variables before execution option or add a lowercase “g” to the global one

[2023-03-12T20:36:28.529Z] : [success]: Bot started

[2023-03-12T20:36:28.529Z] : [info]: Robot start

[2023-03-12T20:36:41.336Z] : [info]: {"id":473969,"name":"Антиржавчина –  чистящее средство от известкового налета и ржавчины 1 л","created_by":6765538,"updated_by":6765538,"created_at":1673517394,"updated_at":1676610969,"is_deleted":null,"custom_fields_values":[{"field_id":611821,"field_name":"Артикул","field_code":"SKU","field_type":"text","values":[{"value":"0710535846850"}]},{"field_id":611823,"field_name":"Описание","field_code":"DESCRIPTION","field_type":"textarea","values":[{"value":"Густой гель для ежедневной чистки сантехники - унитазов, ванн, раковин и кафеля, а также стоков и сливов. Безупречно очищает и дезинфицирует. Обладает ярко выраженным ароматом свежести, который помогает устранить неприятные запахи. Гарантирован экономичный расход.\n\n\nИспользовать в перчатках"}]},{"field_id":611825,"field_name":"Розница","field_code":"PRICE","field_type":"price","values":[{"value":"1870"}]},{"field_id":611827,"field_name":"Группа","field_code":"GROUP","field_type":"category","values":[{"value":"Моющие средства","enum_id":7505,"enum_code":null}]},{"field_id":611831,"field_name":"Единица измерения","field_code":"UNIT","field_type":"select","values":[{"value":"шт","enum_id":393647,"enum_code":null}]},{"field_id":611835,"field_name":"Опт цена","field_code":"WHOLESALE_PRICE","field_type":"price","values":[{"value":"1500"}]},{"field_id":665351,"field_name":"Розница -10%","field_code":null,"field_type":"price","values":[{"value":"1683"}]},{"field_id":665353,"field_name":"Розница -5%","field_code":null,"field_type":"price","values":[{"value":"1776"}]},{"field_id":667689,"field_name":"Бонус 1тг","field_code":null,"field_type":"price","values":[{"value":"1"}]},{"field_id":667691,"field_name":"Розница -6%","field_code":null,"field_type":"price","values":[{"value":"1757"}]}],"catalog_id":5975,"account_id":30301498,"_links":{"self":{"href":"https://wectradekz.amocrm.ru/api/v4/catalogs/5975/elements/473969?page=1&limit=50"}}}

[2023-03-12T20:36:41.794Z] : [info]: {"id":473965,"name":"Гель для мытья посуды - Gin Econom 1 л","created_by":6765538,"updated_by":6765538,"created_at":1673517319,"updated_at":1676610977,"is_deleted":null,"custom_fields_values":[{"field_id":611821,"field_name":"Артикул","field_code":"SKU","field_type":"text","values":[{"value":"0710535846249"}]},{"field_id":611823,"field_name":"Описание","field_code":"DESCRIPTION","field_type":"textarea","values":[{"value":"Концентрированное средство для ручного мытья посуды. Быстро и эффективно удаляет жир даже в холодной воде. Полностью смывается, не оставляет следов на посуде. Способствует быстрому высушиванию посуды и столовых приборов. Экономно расходуется. Безопасен для септиков, биоразлагаем.\n\nАромат: лимон"}]},{"field_id":611825,"field_name":"Розница","field_code":"PRICE","field_type":"price","values":[{"value":"940"}]},{"field_id":611827,"field_name":"Группа","field_code":"GROUP","field_type":"category","values":[{"value":"Для мытья посуды","enum_id":7501,"enum_code":null}]},{"field_id":611831,"field_name":"Единица измерения","field_code":"UNIT","field_type":"select","values":[{"value":"шт","enum_id":393647,"enum_code":null}]},{"field_id":611835,"field_name":"Опт цена","field_code":"WHOLESALE_PRICE","field_type":"price","values":[{"value":"755"}]},{"field_id":665351,"field_name":"Розница -10%","field_code":null,"field_type":"price","values":[{"value":"846"}]},{"field_id":665353,"field_name":"Розница -5%","field_code":null,"field_type":"price","values":[{"value":"893"}]},{"field_id":667689,"field_name":"Бонус 1тг","field_code":null,"field_type":"price","values":[{"value":"1"}]},{"field_id":667691,"field_name":"Розница -6%","field_code":null,"field_type":"price","values":[{"value":"883"}]}],"catalog_id":5975,"account_id":30301498,"_links":{"self":{"href":"https://wectradekz.amocrm.ru/api/v4/catalogs/5975/elements/473965?page=1&limit=50"}}}

[2023-03-12T20:36:42.290Z] : [info]: {"id":473937,"name":"Гель для стирки универсальный - Optimum гипоаллергенный 5 л","created_by":6765538,"updated_by":6765541,"created_at":1673516690,"updated_at":1677660294,"is_deleted":null,"custom_fields_values":[{"field_id":611821,"field_name":"Артикул","field_code":"SKU","field_type":"text","values":[{"value":"0710535846515"}]},{"field_id":611823,"field_name":"Описание","field_code":"DESCRIPTION","field_type":"textarea","values":[{"value":"Универсальный гель для стирки белого, цветного и чёрного белья. Для машинной и ручной стирки при температуре 30-60 0С . Эффективно отстирывает даже в холодной воде, полностью выполаскивается и не оставляет разводов на одежде. Специальный состав предотвращает образование «катышков» и сохраняет цвета от изменения. Идеален для самых чувствительных малышей и аллергиков.\n\nАромат: без аромата"}]},{"field_id":611825,"field_name":"Розница","field_code":"PRICE","field_type":"price","values":[{"value":"4850"}]},{"field_id":611827,"field_name":"Группа","field_code":"GROUP","field_type":"category","values":[{"value":"Средства для стирки","enum_id":5767,"enum_code":null}]},{"field_id":611831,"field_name":"Единица измерения","field_code":"UNIT","field_type":"select","values":[{"value":"шт","enum_id":393647,"enum_code":null}]},{"field_id":611835,"field_name":"Опт цена","field_code":"WHOLESALE_PRICE","field_type":"price","values":[{"value":"3880"}]},{"field_id":665351,"field_name":"Розница -10%","field_code":null,"field_type":"price","values":[{"value":"4365"}]},{"field_id":665353,"field_name":"Розница -5%","field_code":null,"field_type":"price","values":[{"value":"4607"}]},{"field_id":667689,"field_name":"Бонус 1тг","field_code":null,"field_type":"price","values":[{"value":"1"}]},{"field_id":667691,"field_name":"Розница -6%","field_code":null,"field_type":"price","values":[{"value":"4559"}]}],"catalog_id":5975,"account_id":30301498,"_links":{"self":{"href":"https://wectradekz.amocrm.ru/api/v4/catalogs/5975/elements/473937?page=1&limit=50"}}}

[2023-03-12T20:36:42.842Z] : [info]: {"id":473865,"name":"Хозяйственное мыло 72% - универсальное моющее средство 1 л","created_by":6765538,"updated_by":6765538,"created_at":1673514939,"updated_at":1676611155,"is_deleted":null,"custom_fields_values":[{"field_id":611821,"field_name":"Артикул","field_code":"SKU","field_type":"text","values":[{"value":"0710535846836"}]},{"field_id":611823,"field_name":"Описание","field_code":"DESCRIPTION","field_type":"textarea","values":[{"value":"Изготовлено на натуральной основе. Обладает бактерицидным действием и приятным натуральным ароматом. Эффективно обезжиривает и очищает от грязи твёрдые поверхности из любых материалов. Может использоваться для мойки посуды, мытья пола и ручной стирки белья. Работает в воде любой жесткости. Нетоксично, биоразлагаемо."}]},{"field_id":611825,"field_name":"Розница","field_code":"PRICE","field_type":"price","values":[{"value":"1040"}]},{"field_id":611827,"field_name":"Группа","field_code":"GROUP","field_type":"category","values":[{"value":"Моющие средства","enum_id":7505,"enum_code":null}]},{"field_id":611831,"field_name":"Единица измерения","field_code":"UNIT","field_type":"select","values":[{"value":"шт","enum_id":393647,"enum_code":null}]},{"field_id":611835,"field_name":"Опт цена","field_code":"WHOLESALE_PRICE","field_type":"price","values":[{"value":"830"}]},{"field_id":665351,"field_name":"Розница -10%","field_code":null,"field_type":"price","values":[{"value":"936"}]},{"field_id":665353,"field_name":"Розница -5%","field_code":null,"field_type":"price","values":[{"value":"988"}]},{"field_id":667689,"field_name":"Бонус 1тг","field_code":null,"field_type":"price","values":[{"value":"1"}]},{"field_id":667691,"field_name":"Розница -6%","field_code":null,"field_type":"price","values":[{"value":"977"}]}],"catalog_id":5975,"account_id":30301498,"_links":{"self":{"href":"https://wectradekz.amocrm.ru/api/v4/catalogs/5975/elements/473865?page=1&limit=50"}}}

[2023-03-12T20:36:42.941Z] : [warn]: Keep in mind that it is good practice to set different names for variables. If a global and a local variable have the same name, the local one may shadow the global one. In case, you want to keep the names alike, we recommend you enable the Clear variables before execution option or add a lowercase “g” to the global one

[2023-03-12T20:36:43.852Z] : [success]: Bot finished successfully, total execution time: 15s 322ms

[2023-03-12T20:36:43.853Z] : [info]: ---------------------------------------------

[2023-03-12T20:37:08.493Z] : [success]: Robot saved successfully

[2023-03-12T20:40:27.346Z] : [success]: Robot saved successfully

[2023-03-12T20:40:48.756Z] : [success]: Robot saved successfully

[2023-03-12T20:43:26.424Z] : [success]: Robot saved successfully

[2023-03-12T20:43:30.078Z] : [success]: Robot saved successfully

[2023-03-12T20:43:40.589Z] : [success]: The workflow has been exported successfully

[2023-03-12T20:51:36.250Z] : [success]: Robot saved successfully

[2023-03-12T20:57:01.146Z] : [success]: Robot saved successfully

[2023-03-12T20:58:11.682Z] : [success]: Robot saved successfully

[2023-03-12T20:58:20.341Z] : [success]: Robot saved successfully

[2023-03-12T21:03:05.699Z] : [success]: Robot saved successfully

[2023-03-12T21:03:08.413Z] : [success]: Robot saved successfully

[2023-03-12T21:03:09.787Z] : [success]: Robot saved successfully

[2023-03-12T21:03:21.057Z] : [success]: Robot saved successfully

[2023-03-12T21:03:25.433Z] : [info]: ---------------------------------------------

[2023-03-12T21:03:25.434Z] : [success]: Bot started

[2023-03-12T21:03:25.434Z] : [info]: Robot start

[2023-03-12T21:03:46.584Z] : [info]: https://wectradekz.amocrm.ru/api/v4/leads?order%5Bupdated_at%5D=desc&filter%5Bpipeline_id%5D=5760214&with=contacts%2Ccatalog_elements&limit=250&Data=&page=2

[2023-03-12T21:03:54.289Z] : [info]: https://wectradekz.amocrm.ru/api/v4/leads?order%5Bupdated_at%5D=desc&filter%5Bpipeline_id%5D=5760214&with=contacts%2Ccatalog_elements&limit=250&Data=&page=3

[2023-03-12T21:04:01.279Z] : [warn]: Keep in mind that it is good practice to set different names for variables. If a global and a local variable have the same name, the local one may shadow the global one. In case, you want to keep the names alike, we recommend you enable the Clear variables before execution option or add a lowercase “g” to the global one

[2023-03-12T21:04:01.648Z] : [success]: Bot finished successfully, total execution time: 36s 212ms

[2023-03-12T21:04:01.649Z] : [info]: ---------------------------------------------

[2023-03-12T21:04:32.855Z] : [success]: Robot saved successfully

[2023-03-12T21:04:39.478Z] : [success]: Robot saved successfully

[2023-03-12T21:04:51.202Z] : [success]: The workflow has been exported successfully

[2023-03-12T21:06:04.873Z] : [success]: Robot saved successfully

[2023-03-12T21:06:22.734Z] : [success]: Robot saved successfully

[2023-03-12T21:06:45.796Z] : [success]: Robot saved successfully

[2023-03-12T21:06:55.404Z] : [success]: The workflow has been exported successfully

[2023-03-12T23:57:03.913Z] : [info]: Internet connection // error

[2023-03-13T02:53:37.474Z] : [error]: Cannot read properties of null (reading 'type')

[2023-03-13T02:53:37.478Z] : [error]: Cannot read properties of null (reading 'type')

[2023-03-13T02:53:37.481Z] : [error]: Cannot read properties of null (reading 'type')

[2023-03-13T02:53:37.484Z] : [error]: Cannot read properties of null (reading 'type')

[2023-03-13T02:53:37.486Z] : [error]: Cannot read properties of null (reading 'type')

[2023-03-13T02:53:37.490Z] : [error]: Cannot read properties of null (reading 'type')

[2023-03-13T02:53:37.493Z] : [error]: Cannot read properties of null (reading 'type')

[2023-03-13T02:53:37.496Z] : [error]: Cannot read properties of null (reading 'type')

[2023-03-13T02:53:37.499Z] : [error]: Cannot read properties of null (reading 'type')

[2023-03-13T02:53:37.502Z] : [error]: Cannot read properties of null (reading 'type')

[2023-03-13T02:53:37.506Z] : [error]: Cannot read properties of null (reading 'type')

[2023-03-13T02:53:37.511Z] : [error]: Cannot read properties of null (reading 'type')

[2023-03-13T02:53:37.513Z] : [error]: Cannot read properties of null (reading 'type')

