
  ==========================================
  Studio Pro version: 9.0.3
  Started at: 23.02.2023, 12:15:12
  ==========================================
  

[2023-02-23T06:15:17.917Z] : [success]: Robot saved successfully

[2023-02-23T07:14:30.034Z] : [success]: Robot saved successfully

[2023-02-23T07:14:39.617Z] : [success]: The workflow has been exported successfully

[2023-02-23T07:14:40.775Z] : [success]: Robot saved successfully

[2023-02-23T07:43:00.253Z] : [info]: Internet connection // error

[2023-02-23T07:44:11.668Z] : [success]: Connection to our licenses server is restored

[2023-02-23T07:49:19.570Z] : [info]: Internet connection // error

[2023-02-23T07:50:13.001Z] : [success]: Connection to our licenses server is restored

[2023-02-23T07:51:14.226Z] : [info]: Internet connection // error

[2023-02-23T07:52:15.731Z] : [success]: Connection to our licenses server is restored

[2023-02-23T08:12:46.028Z] : [success]: Robot saved successfully

[2023-02-23T08:12:50.945Z] : [info]: ---------------------------------------------

[2023-02-23T08:12:50.946Z] : [success]: Bot started

[2023-02-23T08:12:50.946Z] : [info]: Robot start

[2023-02-23T08:17:18.431Z] : [success]: Robot saved successfully

[2023-02-23T08:17:25.788Z] : [success]: The workflow has been exported successfully

[2023-02-23T08:19:58.996Z] : [success]: Robot saved successfully

[2023-02-23T08:24:05.429Z] : [success]: The workflow has been exported successfully

[2023-02-23T08:33:05.759Z] : [success]: The workflow has been exported successfully

[2023-02-23T09:47:02.826Z] : [info]: Internet connection // error

[2023-02-23T09:48:03.342Z] : [success]: Connection to our licenses server is restored

