
  ==========================================
  Studio Pro version: 9.1.4
  Started at: 15.03.2023, 13:34:13
  ==========================================
  

[2023-03-15T07:37:31.723Z] : [success]: The workflow has been exported successfully

[2023-03-15T07:39:35.799Z] : [success]: Robot saved successfully

[2023-03-15T07:39:43.055Z] : [success]: The workflow has been exported successfully

[2023-03-15T07:40:04.112Z] : [warn]: There is a small amount of free memory (RAM) left, 90.17% of RAM is being used (14507 MBs). The performance of Studio Pro and bots during execution may be unstable. Close applications that are not being used, increase the memory, or optimize the workflow.

[2023-03-15T07:41:04.102Z] : [warn]: There is a small amount of free memory (RAM) left, 90.4% of RAM is being used (14544 MBs). The performance of Studio Pro and bots during execution may be unstable. Close applications that are not being used, increase the memory, or optimize the workflow.

[2023-03-15T07:44:08.069Z] : [success]: Robot saved successfully

[2023-03-15T07:44:34.086Z] : [warn]: There is a small amount of free memory (RAM) left, 90.71% of RAM is being used (14594 MBs). The performance of Studio Pro and bots during execution may be unstable. Close applications that are not being used, increase the memory, or optimize the workflow.

[2023-03-15T07:45:34.072Z] : [warn]: There is a small amount of free memory (RAM) left, 93.01% of RAM is being used (14964 MBs). The performance of Studio Pro and bots during execution may be unstable. Close applications that are not being used, increase the memory, or optimize the workflow.

[2023-03-15T07:48:34.086Z] : [warn]: There is a small amount of free memory (RAM) left, 91.78% of RAM is being used (14767 MBs). The performance of Studio Pro and bots during execution may be unstable. Close applications that are not being used, increase the memory, or optimize the workflow.

[2023-03-15T07:51:34.093Z] : [warn]: There is a small amount of free memory (RAM) left, 91.8% of RAM is being used (14769 MBs). The performance of Studio Pro and bots during execution may be unstable. Close applications that are not being used, increase the memory, or optimize the workflow.

[2023-03-15T07:54:34.104Z] : [warn]: There is a small amount of free memory (RAM) left, 90.81% of RAM is being used (14611 MBs). The performance of Studio Pro and bots during execution may be unstable. Close applications that are not being used, increase the memory, or optimize the workflow.

[2023-03-15T07:57:34.076Z] : [warn]: There is a small amount of free memory (RAM) left, 90.19% of RAM is being used (14510 MBs). The performance of Studio Pro and bots during execution may be unstable. Close applications that are not being used, increase the memory, or optimize the workflow.

[2023-03-15T07:59:34.071Z] : [warn]: There is a small amount of free memory (RAM) left, 90.71% of RAM is being used (14594 MBs). The performance of Studio Pro and bots during execution may be unstable. Close applications that are not being used, increase the memory, or optimize the workflow.

[2023-03-15T08:26:53.562Z] : [success]: Robot saved successfully

[2023-03-15T08:30:59.566Z] : [success]: Robot saved successfully

[2023-03-15T08:31:12.410Z] : [success]: Robot saved successfully

[2023-03-15T08:31:24.683Z] : [success]: The workflow has been exported successfully

[2023-03-15T08:32:34.405Z] : [success]: Robot saved successfully

[2023-03-15T08:32:44.477Z] : [success]: The workflow has been exported successfully

[2023-03-15T08:38:32.997Z] : [success]: Robot saved successfully

[2023-03-15T08:38:41.844Z] : [success]: The workflow has been exported successfully

[2023-03-15T08:42:02.410Z] : [success]: Robot saved successfully

[2023-03-15T08:42:03.672Z] : [success]: Robot saved successfully

[2023-03-15T08:42:03.975Z] : [success]: Robot saved successfully

[2023-03-15T08:42:04.176Z] : [success]: Robot saved successfully

[2023-03-15T08:42:11.796Z] : [success]: The workflow has been exported successfully

[2023-03-15T08:42:22.112Z] : [success]: Robot saved successfully

[2023-03-15T08:42:27.575Z] : [success]: The workflow has been exported successfully

[2023-03-15T08:44:30.735Z] : [success]: Robot saved successfully

