
  ==========================================
  Studio Pro version: 9.0.3
  Started at: 20.02.2023, 10:34:03
  ==========================================
  

[2023-02-20T04:34:10.559Z] : [success]: Robot saved successfully

[2023-02-20T04:34:45.251Z] : [success]: Robot saved successfully

[2023-02-20T04:34:47.691Z] : [success]: Robot saved successfully

[2023-02-20T04:35:01.469Z] : [success]: The workflow has been exported successfully

[2023-02-20T04:39:48.517Z] : [success]: Robot saved successfully

[2023-02-20T06:24:17.833Z] : [info]: Internet connection // error

[2023-02-20T06:24:22.936Z] : [success]: Connection to our licenses server is restored

[2023-02-20T06:33:44.300Z] : [info]: Internet connection // error

[2023-02-20T06:33:51.095Z] : [success]: Connection to our licenses server is restored

[2023-02-20T06:48:15.199Z] : [info]: Internet connection // error

[2023-02-20T06:48:21.921Z] : [success]: Connection to our licenses server is restored

[2023-02-20T07:06:41.037Z] : [info]: Internet connection // error

[2023-02-20T07:07:31.753Z] : [success]: Connection to our licenses server is restored

[2023-02-20T07:14:44.611Z] : [info]: Internet connection // error

[2023-02-20T07:14:50.227Z] : [success]: Connection to our licenses server is restored

[2023-02-20T07:22:28.126Z] : [info]: Internet connection // error

[2023-02-20T08:08:33.390Z] : [success]: Connection to our licenses server is restored

