
  ==========================================
  Studio Pro version: 9.0.3
  Started at: 26.02.2023, 19:15:20
  ==========================================
  

[2023-02-26T13:15:30.056Z] : [success]: Robot saved successfully

[2023-02-26T13:15:30.073Z] : [info]: ---------------------------------------------

[2023-02-26T13:15:30.073Z] : [success]: Bot started

[2023-02-26T13:15:30.074Z] : [info]: Robot start

[2023-02-26T13:24:34.182Z] : [success]: Robot saved successfully

[2023-02-26T13:24:59.239Z] : [success]: Robot saved successfully

[2023-02-26T13:24:59.530Z] : [success]: Robot saved successfully

[2023-02-26T13:25:07.944Z] : [success]: The workflow has been exported successfully

[2023-02-26T13:28:11.194Z] : [success]: Robot saved successfully

[2023-02-26T13:31:05.781Z] : [info]: Internet connection // error

[2023-02-26T13:31:14.328Z] : [success]: Connection to our licenses server is restored

[2023-02-26T13:53:57.285Z] : [success]: Robot saved successfully

[2023-02-26T13:53:57.878Z] : [success]: Robot saved successfully

[2023-02-26T13:53:57.924Z] : [success]: Robot saved successfully

[2023-02-26T13:53:57.972Z] : [success]: Robot saved successfully

[2023-02-26T13:53:58.021Z] : [success]: Robot saved successfully

[2023-02-26T13:53:58.066Z] : [success]: Robot saved successfully

[2023-02-26T13:53:58.113Z] : [success]: Robot saved successfully

[2023-02-26T13:53:58.157Z] : [success]: Robot saved successfully

[2023-02-26T13:53:58.199Z] : [success]: Robot saved successfully

