
  ==========================================
  Studio Pro version: 9.0.3
  Started at: 06.03.2023, 08:56:56
  ==========================================
  

[2023-03-06T02:59:46.221Z] : [success]: Robot saved successfully

[2023-03-06T02:59:54.205Z] : [success]: The workflow has been exported successfully

[2023-03-06T03:05:42.720Z] : [success]: Robot saved successfully

[2023-03-06T03:05:52.785Z] : [success]: The workflow has been exported successfully

[2023-03-06T03:11:09.612Z] : [success]: Robot saved successfully

[2023-03-06T03:11:16.414Z] : [success]: The workflow has been exported successfully

[2023-03-06T03:22:14.745Z] : [success]: Robot saved successfully

[2023-03-06T03:22:21.069Z] : [success]: The workflow has been exported successfully

[2023-03-06T03:28:39.202Z] : [success]: Robot saved successfully

[2023-03-06T03:28:45.534Z] : [success]: The workflow has been exported successfully

[2023-03-06T03:32:40.877Z] : [success]: Robot saved successfully

[2023-03-06T03:32:46.884Z] : [success]: The workflow has been exported successfully

[2023-03-06T03:35:55.433Z] : [success]: Robot saved successfully

[2023-03-06T03:36:03.164Z] : [success]: The workflow has been exported successfully

[2023-03-06T03:41:40.515Z] : [success]: Robot saved successfully

[2023-03-06T03:41:46.464Z] : [success]: The workflow has been exported successfully

[2023-03-06T04:09:06.978Z] : [success]: Robot saved successfully

[2023-03-06T04:09:15.258Z] : [success]: The workflow has been exported successfully

[2023-03-06T04:10:56.015Z] : [success]: Robot saved successfully

[2023-03-06T04:11:04.923Z] : [success]: The workflow has been exported successfully

[2023-03-06T04:27:35.877Z] : [success]: Robot saved successfully

