
  ==========================================
  Studio Pro version: 9.1.4
  Started at: 17.03.2023, 11:21:34
  ==========================================
  

[2023-03-17T05:31:36.520Z] : [error]: Script Stopped.

[2023-03-17T05:31:36.523Z] : [info]: Total execution time: 22s 496ms

[2023-03-17T05:31:36.524Z] : [info]: ---------------------------------------------

[2023-03-17T05:31:40.010Z] : [success]: Robot saved successfully

[2023-03-17T05:31:40.963Z] : [success]: Robot saved successfully

[2023-03-17T05:33:52.313Z] : [error]: Script Stopped.

[2023-03-17T05:33:52.318Z] : [info]: Total execution time: 32s 949ms

[2023-03-17T05:33:52.319Z] : [info]: ---------------------------------------------

[2023-03-17T05:34:01.070Z] : [success]: Robot saved successfully

[2023-03-17T05:34:36.332Z] : [error]: Script Stopped.

[2023-03-17T05:34:36.334Z] : [info]: Total execution time: 30s 525ms

[2023-03-17T05:34:36.335Z] : [info]: ---------------------------------------------

[2023-03-17T05:35:04.224Z] : [success]: Robot saved successfully

[2023-03-17T05:35:18.700Z] : [success]: Robot saved successfully

[2023-03-17T05:39:02.539Z] : [success]: Robot saved successfully

[2023-03-17T05:39:20.103Z] : [success]: Robot saved successfully

[2023-03-17T05:39:21.178Z] : [success]: Robot saved successfully

