[2023-02-20T11:06:03.533Z] : [warn]: You opened a file that contained UI elements to interact with. But Studio Pro can't find the elements. This happens because the .neek file can't find the .elm file associated with the workflow. Please, put the .elm file to the corresponding elements folder in the same folder where the workflow is placed or select the elements manually again. Reopen the workflow


  ==========================================
  Studio Pro version: 9.1.4
  Started at: 20.02.2023, 17:06:05
  ==========================================
  

[2023-02-20T11:06:20.307Z] : [success]: Robot saved successfully

[2023-02-20T11:17:23.143Z] : [success]: Robot saved successfully

[2023-02-20T11:20:59.272Z] : [error]: No elements were found according to your selection. It may happen because of a wrong selector or because the element takes more time to appear on the screen. Try modifying the selector or increasing the element timeout and run the bot again

[2023-02-20T11:20:59.278Z] : [info]: Total execution time: 3m 27s 919ms

[2023-02-20T11:20:59.280Z] : [info]: ---------------------------------------------

[2023-02-20T11:21:06.263Z] : [success]: Robot saved successfully

[2023-02-20T11:22:47.476Z] : [success]: Robot saved successfully

[2023-02-20T11:23:54.002Z] : [success]: Robot saved successfully

[2023-02-20T11:23:55.232Z] : [success]: Robot saved successfully

[2023-02-20T11:25:23.472Z] : [success]: Robot saved successfully

[2023-02-20T11:25:46.824Z] : [success]: Robot saved successfully

[2023-02-20T11:31:17.656Z] : [error]: An error occured while performing the activity as multiple elements were found for the selector you provided. Please, make sure the selector of the indicated element is unique before interacting with it

[2023-02-20T11:31:17.661Z] : [info]: Total execution time: 59s 777ms

[2023-02-20T11:31:17.662Z] : [info]: ---------------------------------------------

[2023-02-20T11:31:18.205Z] : [error]: Cannot read properties of undefined (reading 'option')

[2023-02-20T11:31:18.551Z] : [error]: Cannot read properties of undefined (reading 'value')

[2023-02-20T11:32:41.801Z] : [success]: Robot saved successfully

[2023-02-20T11:48:16.868Z] : [success]: Robot saved successfully

