[2023-02-01T14:01:41.320Z] : [warn]: You opened a file that contained UI elements to interact with. But Studio Pro can't find the elements. This happens because the .neek file can't find the .elm file associated with the workflow. Please, put the .elm file to the corresponding elements folder in the same folder where the workflow is placed or select the elements manually again. Reopen the workflow


  ==========================================
  Studio Pro version: 9.1.4
  Started at: 01.02.2023, 20:01:42
  ==========================================
  

[2023-02-01T14:01:54.884Z] : [success]: Robot saved successfully

[2023-02-01T14:04:47.388Z] : [success]: Robot saved successfully

[2023-02-01T14:06:08.280Z] : [success]: Robot saved successfully

[2023-02-01T14:07:13.257Z] : [success]: Robot saved successfully

[2023-02-01T14:07:44.649Z] : [success]: Robot saved successfully

[2023-02-01T14:07:48.061Z] : [success]: Robot saved successfully

[2023-02-01T14:08:40.303Z] : [success]: Robot saved successfully

[2023-02-01T14:09:10.893Z] : [success]: Robot saved successfully

[2023-02-01T14:09:12.087Z] : [success]: Robot saved successfully

[2023-02-01T14:09:12.271Z] : [success]: Robot saved successfully

[2023-02-01T14:09:17.629Z] : [success]: Robot saved successfully

[2023-02-01T14:10:41.328Z] : [success]: Robot saved successfully

[2023-02-01T14:10:43.995Z] : [success]: Robot saved successfully

[2023-02-01T14:11:00.569Z] : [success]: Robot saved successfully

[2023-02-01T14:12:11.948Z] : [success]: Robot saved successfully

[2023-02-01T14:12:34.814Z] : [success]: Robot saved successfully

[2023-02-01T14:12:43.206Z] : [success]: Robot saved successfully

[2023-02-01T14:12:45.642Z] : [success]: Robot saved successfully

[2023-02-01T14:13:17.103Z] : [success]: Robot saved successfully

[2023-02-01T14:18:42.006Z] : [success]: Robot saved successfully

[2023-02-01T14:18:43.915Z] : [success]: Robot saved successfully

[2023-02-01T14:21:20.307Z] : [info]: ---------------------------------------------

[2023-02-01T14:21:20.308Z] : [success]: Bot started

[2023-02-01T14:21:20.310Z] : [info]: Robot start

[2023-02-01T14:21:25.072Z] : [warn]: Keep in mind that it is good practice to set different names for variables. If a global and a local variable have the same name, the local one may shadow the global one. In case, you want to keep the names alike, we recommend you enable the Clear variables before execution option or add a lowercase “g” to the global one

[2023-02-01T14:21:26.828Z] : [error]: Script Stopped.

[2023-02-01T14:21:26.832Z] : [info]: Total execution time: 6s 516ms

[2023-02-01T14:21:26.836Z] : [info]: ---------------------------------------------

[2023-02-01T14:24:56.961Z] : [success]: Robot saved successfully

[2023-02-01T14:25:42.214Z] : [success]: Robot saved successfully

[2023-02-01T14:26:25.518Z] : [success]: Robot saved successfully

[2023-02-01T14:27:12.480Z] : [success]: Robot saved successfully

[2023-02-01T14:27:32.969Z] : [success]: Robot saved successfully

[2023-02-01T14:27:33.236Z] : [success]: Robot saved successfully

[2023-02-01T14:27:33.501Z] : [success]: Robot saved successfully

[2023-02-01T14:27:33.727Z] : [success]: Robot saved successfully

[2023-02-01T14:27:33.953Z] : [success]: Robot saved successfully

[2023-02-01T14:27:34.439Z] : [success]: Robot saved successfully

[2023-02-01T14:27:34.579Z] : [success]: Robot saved successfully

[2023-02-01T14:30:20.876Z] : [error]: No elements were found according to your selection. It may happen because of a wrong selector or because the element takes more time to appear on the screen. Try modifying the selector or increasing the element timeout and run the bot again

[2023-02-01T14:30:20.881Z] : [info]: Total execution time: 2m 37s 466ms

[2023-02-01T14:30:20.883Z] : [info]: ---------------------------------------------

[2023-02-01T14:31:06.017Z] : [success]: Robot saved successfully

[2023-02-01T14:31:22.696Z] : [success]: Bot started

[2023-02-01T14:31:22.697Z] : [info]: Robot start

[2023-02-01T14:33:10.558Z] : [warn]: Keep in mind that it is good practice to set different names for variables. If a global and a local variable have the same name, the local one may shadow the global one. In case, you want to keep the names alike, we recommend you enable the Clear variables before execution option or add a lowercase “g” to the global one

[2023-02-01T14:33:11.758Z] : [success]: Bot finished successfully, total execution time: 1m 49s 60ms

[2023-02-01T14:33:11.759Z] : [info]: ---------------------------------------------

[2023-02-01T14:38:59.280Z] : [success]: Robot saved successfully

[2023-02-01T14:42:03.716Z] : [success]: Robot saved successfully

[2023-02-01T14:42:56.550Z] : [success]: Robot saved successfully

[2023-02-01T14:43:35.041Z] : [success]: Robot saved successfully

[2023-02-01T14:44:04.034Z] : [success]: Robot saved successfully

[2023-02-01T14:44:07.355Z] : [success]: Robot saved successfully

[2023-02-01T14:44:09.704Z] : [success]: Robot saved successfully

[2023-02-01T15:04:27.013Z] : [success]: Robot saved successfully

[2023-02-01T15:14:15.779Z] : [success]: Robot saved successfully

[2023-02-01T15:17:18.880Z] : [error]: Script Stopped.

[2023-02-01T15:17:18.886Z] : [info]: Total execution time: 2m 9s 615ms

[2023-02-01T15:17:18.888Z] : [info]: ---------------------------------------------

[2023-02-01T15:18:57.947Z] : [success]: Robot saved successfully

[2023-02-01T15:37:08.959Z] : [success]: Robot saved successfully

[2023-02-01T15:38:29.983Z] : [success]: Robot saved successfully

[2023-02-01T15:40:46.275Z] : [success]: Robot saved successfully

[2023-02-01T15:40:51.574Z] : [success]: Robot saved successfully

[2023-02-01T15:41:55.425Z] : [success]: Robot saved successfully

[2023-02-01T16:16:35.374Z] : [success]: Robot saved successfully

[2023-02-01T16:16:44.445Z] : [success]: Robot saved successfully

[2023-02-01T16:16:52.651Z] : [success]: Robot saved successfully

[2023-02-01T16:18:07.217Z] : [success]: Robot saved successfully

[2023-02-01T16:18:28.377Z] : [success]: Robot saved successfully

[2023-02-01T16:18:45.535Z] : [success]: Robot saved successfully

[2023-02-01T16:18:56.845Z] : [success]: Robot saved successfully

[2023-02-01T16:19:05.059Z] : [success]: Robot saved successfully

[2023-02-01T16:20:10.014Z] : [success]: Robot saved successfully

[2023-02-01T16:20:24.563Z] : [success]: Robot saved successfully

[2023-02-01T16:31:59.905Z] : [success]: Robot saved successfully

[2023-02-01T16:32:48.836Z] : [success]: Robot saved successfully

[2023-02-01T16:37:00.194Z] : [success]: Robot saved successfully

[2023-02-01T16:37:31.486Z] : [success]: Robot saved successfully

[2023-02-01T16:37:34.205Z] : [success]: Robot saved successfully

[2023-02-01T16:37:41.986Z] : [success]: Robot saved successfully

[2023-02-01T16:37:52.993Z] : [success]: Robot saved successfully

[2023-02-01T16:38:48.582Z] : [success]: Robot saved successfully

[2023-02-01T16:39:37.338Z] : [success]: Robot saved successfully

[2023-02-01T16:39:47.494Z] : [success]: Robot saved successfully

[2023-02-01T16:40:33.029Z] : [success]: Robot saved successfully

[2023-02-01T16:40:38.960Z] : [success]: Robot saved successfully

[2023-02-01T16:41:24.848Z] : [success]: Robot saved successfully

[2023-02-01T16:41:49.180Z] : [success]: Robot saved successfully

[2023-02-01T16:42:02.880Z] : [success]: Robot saved successfully

[2023-02-01T16:42:17.891Z] : [success]: Robot saved successfully

[2023-02-01T16:42:39.233Z] : [success]: Robot saved successfully

[2023-02-01T17:03:59.231Z] : [success]: Robot saved successfully

[2023-02-01T17:05:32.203Z] : [success]: Robot saved successfully

[2023-02-01T17:06:33.526Z] : [success]: Robot saved successfully

[2023-02-01T17:06:55.556Z] : [success]: Robot saved successfully

[2023-02-01T17:07:50.196Z] : [success]: Robot saved successfully

[2023-02-01T17:08:30.546Z] : [success]: Robot saved successfully

[2023-02-01T17:08:42.524Z] : [success]: Robot saved successfully

[2023-02-01T17:08:51.908Z] : [success]: Robot saved successfully

[2023-02-01T17:21:31.814Z] : [success]: Robot saved successfully

[2023-02-01T17:23:50.448Z] : [success]: Robot saved successfully

[2023-02-01T17:30:23.816Z] : [error]: Script Stopped.

[2023-02-01T17:30:23.821Z] : [info]: Total execution time: 1m 1s 54ms

[2023-02-01T17:30:23.823Z] : [info]: ---------------------------------------------

[2023-02-01T17:30:54.661Z] : [success]: Robot saved successfully

[2023-02-01T17:30:54.734Z] : [success]: Bot started

[2023-02-01T17:30:54.735Z] : [info]: Robot start

[2023-02-01T17:30:59.433Z] : [warn]: Keep in mind that it is good practice to set different names for variables. If a global and a local variable have the same name, the local one may shadow the global one. In case, you want to keep the names alike, we recommend you enable the Clear variables before execution option or add a lowercase “g” to the global one

[2023-02-01T17:31:01.766Z] : [error]: Script Stopped.

[2023-02-01T17:31:01.771Z] : [info]: Total execution time: 7s 31ms

[2023-02-01T17:31:01.771Z] : [info]: ---------------------------------------------

[2023-02-01T17:36:03.873Z] : [success]: Robot saved successfully

[2023-02-01T17:57:02.268Z] : [success]: Robot saved successfully

[2023-02-01T17:57:31.804Z] : [success]: Robot saved successfully

[2023-02-01T17:58:02.093Z] : [success]: Robot saved successfully

[2023-02-01T17:59:58.950Z] : [success]: Robot saved successfully

[2023-02-01T18:00:02.081Z] : [success]: Robot saved successfully

[2023-02-01T18:00:02.620Z] : [success]: Robot saved successfully

[2023-02-01T18:00:45.097Z] : [success]: Robot saved successfully

[2023-02-01T18:00:52.235Z] : [success]: Robot saved successfully

[2023-02-01T18:00:53.087Z] : [success]: Robot saved successfully

[2023-02-01T18:06:00.829Z] : [success]: Robot saved successfully

[2023-02-01T18:06:12.429Z] : [success]: Robot saved successfully

[2023-02-01T18:06:33.921Z] : [success]: Robot saved successfully

[2023-02-01T18:06:34.703Z] : [success]: Robot saved successfully

[2023-02-01T18:06:34.932Z] : [success]: Robot saved successfully

[2023-02-01T18:06:35.234Z] : [success]: Robot saved successfully

[2023-02-01T18:06:35.743Z] : [success]: Robot saved successfully

[2023-02-01T18:06:48.996Z] : [success]: Robot saved successfully

[2023-02-01T18:06:57.485Z] : [success]: Robot saved successfully

[2023-02-01T18:07:14.359Z] : [success]: Robot saved successfully

[2023-02-01T18:12:01.037Z] : [success]: Robot saved successfully

[2023-02-01T18:12:25.296Z] : [success]: Robot saved successfully

[2023-02-01T18:12:31.766Z] : [success]: Robot saved successfully

[2023-02-01T18:37:03.982Z] : [success]: Robot saved successfully

[2023-02-01T19:27:50.327Z] : [success]: Robot saved successfully

[2023-02-01T19:30:16.198Z] : [success]: Robot saved successfully

[2023-02-01T19:30:29.901Z] : [success]: Robot saved successfully

[2023-02-01T19:30:50.386Z] : [success]: Robot saved successfully

[2023-02-01T19:31:00.797Z] : [success]: Robot saved successfully

[2023-02-01T19:31:48.174Z] : [success]: Robot saved successfully

[2023-02-01T19:32:37.797Z] : [success]: Robot saved successfully

[2023-02-01T19:32:42.447Z] : [success]: Robot saved successfully

[2023-02-01T19:32:49.121Z] : [success]: Robot saved successfully

[2023-02-01T19:33:37.014Z] : [success]: Robot saved successfully

[2023-02-01T19:36:12.876Z] : [success]: Robot saved successfully

[2023-02-01T19:36:15.074Z] : [success]: Robot saved successfully

[2023-02-01T19:36:36.294Z] : [success]: Robot saved successfully

[2023-02-01T19:37:33.040Z] : [error]: Selectors: Selector is empty

[2023-02-01T19:37:33.042Z] : [info]: Total execution time: 50s 48ms

[2023-02-01T19:37:33.043Z] : [info]: ---------------------------------------------

[2023-02-01T19:38:04.647Z] : [success]: Robot saved successfully

[2023-02-01T19:41:34.878Z] : [error]: No elements were found according to your selection. It may happen because of a wrong selector or because the element takes more time to appear on the screen. Try modifying the selector or increasing the element timeout and run the bot again

[2023-02-01T19:41:34.882Z] : [info]: Total execution time: 3m 19s 952ms

[2023-02-01T19:41:34.884Z] : [info]: ---------------------------------------------

[2023-02-01T19:43:01.362Z] : [success]: Robot saved successfully

[2023-02-01T19:43:37.799Z] : [success]: Robot saved successfully

[2023-02-01T19:44:59.205Z] : [success]: Robot saved successfully

[2023-02-01T19:45:30.302Z] : [success]: Robot saved successfully

