
  ==========================================
  Studio Pro version: 9.0.3
  Started at: 07.02.2023, 15:27:07
  ==========================================
  

[2023-02-07T09:27:07.771Z] : [error]: ScriptConverter:getStatement: activity.params.subroutine_path is required

[2023-02-07T09:27:10.515Z] : [error]: ScriptConverter:getStatement: activity.params.subroutine_path is required

[2023-02-07T09:27:11.330Z] : [error]: ScriptConverter:getStatement: activity.params.subroutine_path is required

[2023-02-07T09:27:12.795Z] : [error]: ScriptConverter:getStatement: activity.params.subroutine_path is required

[2023-02-07T09:27:23.492Z] : [error]: ScriptConverter:getStatement: activity.params.subroutine_path is required

[2023-02-07T09:27:28.565Z] : [error]: ScriptConverter:getStatement: activity.params.subroutine_path is required

[2023-02-07T09:27:31.988Z] : [success]: Robot saved successfully

[2023-02-07T09:27:35.520Z] : [success]: Robot saved successfully


  ==========================================
  Studio Pro version: 9.0.3
  Started at: 07.02.2023, 15:27:53
  ==========================================
  


  ==========================================
  Studio Pro version: 9.0.3
  Started at: 07.02.2023, 15:28:20
  ==========================================
  

[2023-02-07T09:28:27.157Z] : [success]: Robot saved successfully

[2023-02-07T09:28:29.905Z] : [success]: Robot saved successfully

