
  ==========================================
  Studio Pro version: 8.2.7
  Started at: 22.12.2022, 10:06:22
  ==========================================
  

[2022-12-22T04:11:20.501Z] : [success]: Robot saved successfully

[2022-12-22T04:13:39.959Z] : [success]: Robot saved successfully

[2022-12-22T04:13:46.734Z] : [info]: ---------------------------------------------

[2022-12-22T04:13:46.735Z] : [success]: Bot started

[2022-12-22T04:13:46.737Z] : [info]: Robot start

[2022-12-22T04:14:01.115Z] : [error]: Not Found

[2022-12-22T04:14:01.118Z] : [error]: Total execution time: 14s 377ms

[2022-12-22T04:14:01.119Z] : [info]: ---------------------------------------------

[2022-12-22T04:15:02.196Z] : [success]: Bot started

[2022-12-22T04:15:02.198Z] : [info]: Robot start

[2022-12-22T04:15:09.624Z] : [error]: Not Found

[2022-12-22T04:15:09.628Z] : [error]: Total execution time: 7s 426ms

[2022-12-22T04:15:09.630Z] : [info]: ---------------------------------------------

[2022-12-22T04:21:15.401Z] : [success]: Robot saved successfully

[2022-12-22T08:27:09.366Z] : [success]: Robot saved successfully

[2022-12-22T10:16:06.445Z] : [error]: Cannot read properties of null (reading 'type')

[2022-12-22T10:16:06.446Z] : [error]: Cannot read properties of null (reading 'type')

[2022-12-22T10:16:06.447Z] : [error]: Cannot read properties of null (reading 'type')

