
  ==========================================
  Studio Pro version: 8.2.7
  Started at: 21.12.2022, 22:28:02
  ==========================================
  

[2022-12-21T16:28:05.866Z] : [success]: Robot saved successfully

[2022-12-21T16:28:09.131Z] : [error]: Activity parameters required: If  then

[2022-12-21T16:28:09.133Z] : [info]: ---------------------------------------------

[2022-12-21T16:29:41.794Z] : [success]: Robot saved successfully

[2022-12-21T16:29:46.353Z] : [error]: Activity parameters required: If  then

[2022-12-21T16:29:46.356Z] : [info]: ---------------------------------------------

[2022-12-21T16:30:13.825Z] : [success]: Robot saved successfully

[2022-12-21T16:30:16.810Z] : [info]: ---------------------------------------------

[2022-12-21T16:30:16.811Z] : [success]: Bot started

[2022-12-21T16:30:16.812Z] : [info]: Robot start

[2022-12-21T16:30:18.861Z] : [error]: puth_database is not defined

[2022-12-21T16:30:18.863Z] : [error]: Total execution time: 2s 49ms

[2022-12-21T16:30:18.864Z] : [info]: ---------------------------------------------

[2022-12-21T16:31:59.722Z] : [success]: Robot saved successfully

[2022-12-21T16:46:30.643Z] : [success]: Robot saved successfully

[2022-12-21T16:46:33.783Z] : [success]: Bot started

[2022-12-21T16:46:33.784Z] : [info]: Robot start

[2022-12-21T16:46:37.872Z] : [success]: Bot finished successfully, total execution time: 4s 86ms

[2022-12-21T16:46:37.872Z] : [info]: ---------------------------------------------

[2022-12-21T16:50:47.570Z] : [success]: Robot saved successfully

[2022-12-21T16:52:45.977Z] : [success]: Robot saved successfully

[2022-12-21T16:53:08.544Z] : [success]: Robot saved successfully

[2022-12-21T16:53:11.714Z] : [success]: Bot started

[2022-12-21T16:53:11.715Z] : [info]: Robot start

[2022-12-21T16:53:13.848Z] : [success]: Bot finished successfully, total execution time: 2s 132ms

[2022-12-21T16:53:13.849Z] : [info]: ---------------------------------------------

[2022-12-21T16:56:19.274Z] : [success]: Robot saved successfully

[2022-12-21T16:56:23.001Z] : [success]: Bot started

[2022-12-21T16:56:23.002Z] : [info]: Robot start

[2022-12-21T16:56:26.853Z] : [error]: request to http://worldtimeapi.org/api/timezone/Asia/Almaty failed, reason: net::ERR_CONNECTION_RESET

[2022-12-21T16:56:26.858Z] : [error]: Total execution time: 3s 850ms

[2022-12-21T16:56:26.859Z] : [info]: ---------------------------------------------

[2022-12-21T16:57:12.108Z] : [success]: Robot saved successfully

[2022-12-21T16:57:15.345Z] : [success]: Bot started

[2022-12-21T16:57:15.346Z] : [info]: Robot start

[2022-12-21T16:57:18.845Z] : [success]: Bot finished successfully, total execution time: 3s 498ms

[2022-12-21T16:57:18.846Z] : [info]: ---------------------------------------------

[2022-12-21T17:28:28.129Z] : [success]: Robot saved successfully

