
  ==========================================
  Studio Pro version: 9.1.4
  Started at: 15.03.2023, 10:43:15
  ==========================================
  

[2023-03-15T04:43:16.503Z] : [success]: Robot saved successfully

[2023-03-15T04:55:15.876Z] : [success]: Robot saved successfully

[2023-03-15T04:55:16.275Z] : [success]: Robot saved successfully

[2023-03-15T04:55:16.571Z] : [success]: Robot saved successfully

[2023-03-15T04:55:16.937Z] : [success]: Robot saved successfully

[2023-03-15T04:55:17.222Z] : [success]: Robot saved successfully

[2023-03-15T05:11:04.764Z] : [success]: Robot saved successfully

[2023-03-15T05:11:05.238Z] : [success]: Robot saved successfully

[2023-03-15T05:11:05.513Z] : [success]: Robot saved successfully

[2023-03-15T05:11:05.744Z] : [success]: Robot saved successfully

[2023-03-15T05:12:13.745Z] : [success]: Robot saved successfully

[2023-03-15T05:12:14.111Z] : [success]: Robot saved successfully

[2023-03-15T05:12:19.709Z] : [success]: Robot saved successfully

[2023-03-15T05:12:20.025Z] : [success]: Robot saved successfully

[2023-03-15T05:12:34.120Z] : [success]: Robot saved successfully

[2023-03-15T05:12:49.862Z] : [success]: Robot saved successfully

[2023-03-15T05:13:02.986Z] : [success]: Robot saved successfully

[2023-03-15T05:13:11.043Z] : [success]: Robot saved successfully

[2023-03-15T05:13:30.649Z] : [success]: Robot saved successfully

[2023-03-15T05:14:26.944Z] : [success]: Robot saved successfully

[2023-03-15T05:14:27.306Z] : [success]: Robot saved successfully

[2023-03-15T05:14:27.553Z] : [success]: Robot saved successfully

[2023-03-15T05:14:29.231Z] : [success]: Robot saved successfully

[2023-03-15T05:14:33.560Z] : [success]: Robot saved successfully

[2023-03-15T05:14:33.866Z] : [success]: Robot saved successfully

[2023-03-15T05:15:08.370Z] : [success]: Robot saved successfully

[2023-03-15T05:18:55.245Z] : [error]: Oops! It seems the value you entered is invalid. Please, add a value different from null.

[2023-03-15T05:18:55.250Z] : [info]: Total execution time: 1m 20s 658ms

[2023-03-15T05:18:55.252Z] : [info]: ---------------------------------------------

[2023-03-15T05:19:33.595Z] : [success]: Robot saved successfully

[2023-03-15T05:19:41.249Z] : [success]: Robot saved successfully

[2023-03-15T05:19:41.767Z] : [success]: Robot saved successfully

[2023-03-15T05:19:42.101Z] : [success]: Robot saved successfully

[2023-03-15T05:19:45.904Z] : [success]: Robot saved successfully

[2023-03-15T05:19:46.957Z] : [success]: Robot saved successfully

