
  ==========================================
  Studio Pro version: 9.0.3
  Started at: 22.02.2023, 15:35:59
  ==========================================
  

[2023-02-22T09:36:00.443Z] : [success]: Robot saved successfully

[2023-02-22T09:38:08.245Z] : [error]: Unauthorized

[2023-02-22T09:38:08.249Z] : [info]: Total execution time: 13s 295ms

[2023-02-22T09:38:08.250Z] : [info]: ---------------------------------------------

[2023-02-22T09:39:37.499Z] : [info]: Internet connection // error

[2023-02-22T09:39:37.544Z] : [success]: Bot started

[2023-02-22T09:39:37.547Z] : [info]: Robot start

[2023-02-22T09:39:52.183Z] : [success]: Bot finished successfully, total execution time: 14s 636ms

[2023-02-22T09:39:52.183Z] : [info]: ---------------------------------------------

[2023-02-22T09:57:12.343Z] : [success]: Robot saved successfully

[2023-02-22T09:58:03.919Z] : [success]: Connection to our licenses server is restored

[2023-02-22T09:58:03.962Z] : [success]: Bot started

[2023-02-22T09:58:03.962Z] : [info]: Robot start

[2023-02-22T09:58:22.382Z] : [success]: Bot finished successfully, total execution time: 18s 418ms

[2023-02-22T09:58:22.383Z] : [info]: ---------------------------------------------

[2023-02-22T09:59:09.292Z] : [success]: Bot started

[2023-02-22T09:59:09.292Z] : [info]: Robot start

[2023-02-22T09:59:33.789Z] : [success]: Bot finished successfully, total execution time: 24s 495ms

[2023-02-22T09:59:33.790Z] : [info]: ---------------------------------------------

[2023-02-22T10:00:06.781Z] : [success]: Bot started

[2023-02-22T10:00:06.782Z] : [info]: Robot start

[2023-02-22T10:00:33.409Z] : [success]: Bot finished successfully, total execution time: 26s 626ms

[2023-02-22T10:00:33.410Z] : [info]: ---------------------------------------------

[2023-02-22T10:09:37.722Z] : [success]: Robot saved successfully

[2023-02-22T10:09:48.585Z] : [success]: Robot saved successfully

[2023-02-22T10:10:27.358Z] : [success]: Bot started

[2023-02-22T10:10:27.359Z] : [info]: Robot start

[2023-02-22T10:10:49.894Z] : [success]: Bot finished successfully, total execution time: 22s 533ms

[2023-02-22T10:10:49.895Z] : [info]: ---------------------------------------------

[2023-02-22T10:14:56.646Z] : [success]: Bot started

[2023-02-22T10:14:56.646Z] : [info]: Robot start

[2023-02-22T10:15:24.234Z] : [success]: Bot finished successfully, total execution time: 27s 586ms

[2023-02-22T10:15:24.235Z] : [info]: ---------------------------------------------

[2023-02-22T10:59:20.058Z] : [success]: Bot started

[2023-02-22T10:59:20.058Z] : [info]: Robot start

[2023-02-22T10:59:43.604Z] : [success]: Bot finished successfully, total execution time: 23s 545ms

[2023-02-22T10:59:43.604Z] : [info]: ---------------------------------------------

