
  ==========================================
  Studio Pro version: 9.1.4
  Started at: 14.03.2023, 19:56:07
  ==========================================
  

[2023-03-14T13:56:26.828Z] : [success]: Robot saved successfully

[2023-03-14T13:57:13.067Z] : [success]: Robot saved successfully

[2023-03-14T14:14:36.940Z] : [success]: Robot saved successfully

[2023-03-14T14:14:46.299Z] : [success]: Robot saved successfully

[2023-03-14T14:14:49.324Z] : [success]: Robot saved successfully

[2023-03-14T14:14:55.782Z] : [success]: Robot saved successfully

[2023-03-14T14:19:31.337Z] : [success]: Robot saved successfully

[2023-03-14T14:31:44.817Z] : [success]: Robot saved successfully

[2023-03-14T14:34:00.940Z] : [success]: Robot saved successfully

[2023-03-14T14:40:00.753Z] : [success]: Robot saved successfully

[2023-03-14T14:43:17.911Z] : [success]: Robot saved successfully

[2023-03-14T14:43:18.585Z] : [success]: Robot saved successfully

[2023-03-14T14:43:18.819Z] : [success]: Robot saved successfully

[2023-03-14T14:43:20.242Z] : [success]: Robot saved successfully

[2023-03-14T14:43:20.460Z] : [success]: Robot saved successfully

[2023-03-14T14:43:20.656Z] : [success]: Robot saved successfully

[2023-03-14T14:43:20.942Z] : [success]: Robot saved successfully

[2023-03-14T14:43:21.143Z] : [success]: Robot saved successfully

[2023-03-14T14:43:31.229Z] : [success]: Robot saved successfully

[2023-03-14T14:43:40.030Z] : [success]: The workflow has been exported successfully

[2023-03-14T14:44:40.801Z] : [success]: Robot saved successfully

[2023-03-14T14:44:41.131Z] : [success]: Robot saved successfully

[2023-03-14T14:44:41.413Z] : [success]: Robot saved successfully

[2023-03-14T14:44:41.696Z] : [success]: Robot saved successfully

[2023-03-14T14:44:58.606Z] : [success]: The workflow has been exported successfully

[2023-03-14T14:47:59.555Z] : [success]: Robot saved successfully

[2023-03-14T14:59:53.326Z] : [success]: Robot saved successfully

[2023-03-14T14:59:53.443Z] : [success]: Robot saved successfully

[2023-03-14T14:59:53.599Z] : [success]: Robot saved successfully

[2023-03-14T15:02:13.090Z] : [success]: Robot saved successfully

[2023-03-14T15:02:13.519Z] : [success]: Robot saved successfully

[2023-03-14T15:03:02.682Z] : [success]: Robot saved successfully

[2023-03-14T15:05:23.458Z] : [success]: Robot saved successfully

[2023-03-14T15:05:59.316Z] : [success]: Robot saved successfully

[2023-03-14T15:06:48.804Z] : [success]: Robot saved successfully

[2023-03-14T15:06:49.336Z] : [success]: Robot saved successfully

[2023-03-14T15:06:49.629Z] : [success]: Robot saved successfully

[2023-03-14T15:10:33.519Z] : [success]: Robot saved successfully

[2023-03-14T15:11:26.917Z] : [success]: Robot saved successfully

[2023-03-14T15:12:42.994Z] : [success]: Robot saved successfully

[2023-03-14T15:17:54.481Z] : [success]: Robot saved successfully

[2023-03-14T15:18:29.848Z] : [success]: Robot saved successfully

[2023-03-14T15:18:55.968Z] : [success]: Robot saved successfully

[2023-03-14T15:19:47.938Z] : [success]: Robot saved successfully

[2023-03-14T15:20:09.770Z] : [success]: Robot saved successfully

[2023-03-14T15:35:55.864Z] : [success]: Robot saved successfully

[2023-03-14T15:36:02.332Z] : [success]: Robot saved successfully

[2023-03-14T17:27:17.857Z] : [error]: Unauthorized

[2023-03-14T17:27:17.859Z] : [info]: Total execution time: 1m 6s 544ms

[2023-03-14T17:27:17.860Z] : [info]: ---------------------------------------------


  ==========================================
  Studio Pro version: 9.1.4
  Started at: 15.03.2023, 04:58:34
  ==========================================
  

[2023-03-14T22:58:35.031Z] : [success]: Robot saved successfully

[2023-03-14T23:00:12.059Z] : [success]: Robot saved successfully

[2023-03-14T23:00:30.515Z] : [success]: Robot saved successfully

[2023-03-14T23:00:39.422Z] : [success]: Robot saved successfully

[2023-03-14T23:01:14.993Z] : [success]: Robot saved successfully

[2023-03-14T23:01:20.590Z] : [success]: Robot saved successfully

[2023-03-14T23:02:03.275Z] : [success]: Robot saved successfully

[2023-03-14T23:02:05.697Z] : [success]: Robot saved successfully

[2023-03-14T23:02:15.217Z] : [success]: Robot saved successfully

[2023-03-14T23:02:37.689Z] : [success]: Robot saved successfully

[2023-03-14T23:03:03.284Z] : [success]: Robot saved successfully

[2023-03-14T23:03:36.817Z] : [success]: Robot saved successfully

[2023-03-14T23:03:39.673Z] : [success]: Robot saved successfully

[2023-03-14T23:12:45.838Z] : [success]: Robot saved successfully

[2023-03-14T23:12:51.234Z] : [success]: Robot saved successfully

[2023-03-14T23:12:57.369Z] : [success]: Robot saved successfully

[2023-03-14T23:12:59.745Z] : [success]: Robot saved successfully

