
  ==========================================
  Studio Pro version: 9.1.4
  Started at: 31.01.2023, 18:09:40
  ==========================================
  

[2023-01-31T12:09:41.961Z] : [success]: Robot saved successfully

[2023-01-31T12:09:46.991Z] : [success]: Bot started

[2023-01-31T12:09:46.992Z] : [info]: Robot start

[2023-01-31T12:11:18.152Z] : [success]: Robot saved successfully

[2023-01-31T12:17:07.005Z] : [success]: Bot started

[2023-01-31T12:17:07.007Z] : [info]: Robot start

[2023-01-31T12:17:21.380Z] : [success]: Bot finished successfully, total execution time: 14s 369ms

[2023-01-31T12:17:21.382Z] : [info]: ---------------------------------------------

[2023-01-31T12:20:57.705Z] : [success]: Robot saved successfully

[2023-01-31T12:21:05.582Z] : [success]: Robot saved successfully

[2023-01-31T12:22:46.662Z] : [success]: Robot saved successfully

[2023-01-31T12:24:14.931Z] : [success]: Robot saved successfully

[2023-01-31T12:24:23.974Z] : [error]: path_directory is not defined

[2023-01-31T12:24:23.978Z] : [info]: Total execution time: 3s 301ms

[2023-01-31T12:24:23.980Z] : [info]: ---------------------------------------------

[2023-01-31T12:24:24.733Z] : [error]: Cannot read properties of undefined (reading 'option')

[2023-01-31T12:24:24.980Z] : [error]: Cannot read properties of undefined (reading 'value')

[2023-01-31T12:25:00.106Z] : [success]: Robot saved successfully

[2023-01-31T12:25:09.360Z] : [success]: Robot saved successfully

[2023-01-31T12:25:24.294Z] : [success]: Robot saved successfully

[2023-01-31T12:29:23.878Z] : [success]: Robot saved successfully

[2023-01-31T12:29:30.436Z] : [success]: Robot saved successfully

[2023-01-31T12:30:13.822Z] : [success]: Robot saved successfully

[2023-01-31T12:30:20.768Z] : [success]: Robot saved successfully

[2023-01-31T12:32:03.948Z] : [success]: Robot saved successfully

[2023-01-31T12:32:04.570Z] : [success]: Robot saved successfully

[2023-01-31T12:33:07.116Z] : [success]: Robot saved successfully

[2023-01-31T12:34:35.684Z] : [success]: Robot saved successfully


  ==========================================
  Studio Pro version: 9.1.4
  Started at: 31.01.2023, 18:40:01
  ==========================================
  

[2023-01-31T12:42:10.665Z] : [success]: Robot saved successfully

