[2023-01-31T07:25:53.479Z] : [success]: Robot saved successfully

[2023-01-31T07:26:11.970Z] : [success]: Robot saved successfully

[2023-01-31T07:26:24.422Z] : [success]: Robot saved successfully

[2023-01-31T07:26:27.862Z] : [success]: Robot saved successfully

[2023-01-31T07:26:29.848Z] : [success]: Robot saved successfully

[2023-01-31T07:27:14.346Z] : [success]: Robot saved successfully

[2023-01-31T07:27:24.104Z] : [success]: Robot saved successfully

[2023-01-31T07:27:24.447Z] : [success]: Robot saved successfully

[2023-01-31T07:27:24.682Z] : [success]: Robot saved successfully

[2023-01-31T07:27:24.886Z] : [success]: Robot saved successfully

[2023-01-31T07:27:45.266Z] : [success]: Robot saved successfully

[2023-01-31T07:27:46.875Z] : [success]: Robot saved successfully

[2023-01-31T07:28:26.979Z] : [success]: Robot saved successfully

[2023-01-31T07:28:29.015Z] : [success]: Robot saved successfully

[2023-01-31T07:28:32.280Z] : [success]: Robot saved successfully

[2023-01-31T07:29:08.192Z] : [success]: Robot saved successfully

[2023-01-31T07:29:15.248Z] : [success]: Robot saved successfully

[2023-01-31T07:29:17.609Z] : [success]: Robot saved successfully

[2023-01-31T07:29:17.902Z] : [success]: Robot saved successfully

[2023-01-31T07:29:18.100Z] : [success]: Robot saved successfully

[2023-01-31T07:29:19.637Z] : [success]: Robot saved successfully

[2023-01-31T07:29:29.631Z] : [success]: Robot saved successfully

[2023-01-31T07:29:45.227Z] : [success]: Robot saved successfully

[2023-01-31T07:29:55.709Z] : [success]: Robot saved successfully

[2023-01-31T07:30:20.899Z] : [success]: Robot saved successfully

[2023-01-31T07:30:37.770Z] : [success]: Robot saved successfully

[2023-01-31T07:30:38.057Z] : [success]: Robot saved successfully

[2023-01-31T07:30:38.288Z] : [success]: Robot saved successfully

[2023-01-31T07:30:41.301Z] : [success]: Robot saved successfully

[2023-01-31T07:32:12.254Z] : [success]: Robot saved successfully

[2023-01-31T07:32:22.147Z] : [success]: Robot saved successfully

[2023-01-31T07:32:36.335Z] : [success]: Robot saved successfully

[2023-01-31T07:32:43.486Z] : [success]: Robot saved successfully

[2023-01-31T07:32:43.756Z] : [success]: Robot saved successfully

[2023-01-31T07:32:43.971Z] : [success]: Robot saved successfully

[2023-01-31T07:32:44.173Z] : [success]: Robot saved successfully

[2023-01-31T07:32:44.354Z] : [success]: Robot saved successfully

[2023-01-31T07:32:44.532Z] : [success]: Robot saved successfully

[2023-01-31T07:32:57.378Z] : [success]: Robot saved successfully

[2023-01-31T07:32:57.822Z] : [success]: Robot saved successfully

[2023-01-31T07:33:01.941Z] : [success]: Robot saved successfully

[2023-01-31T07:33:16.260Z] : [success]: Robot saved successfully

[2023-01-31T07:33:16.513Z] : [success]: Robot saved successfully

[2023-01-31T07:33:27.287Z] : [success]: Robot saved successfully

[2023-01-31T07:33:28.853Z] : [success]: Robot saved successfully

[2023-01-31T07:33:58.964Z] : [success]: Robot saved successfully

[2023-01-31T07:34:23.411Z] : [success]: Robot saved successfully

[2023-01-31T07:34:23.712Z] : [success]: Robot saved successfully

[2023-01-31T07:34:23.944Z] : [success]: Robot saved successfully

[2023-01-31T07:34:41.042Z] : [success]: Robot saved successfully

[2023-01-31T07:34:44.622Z] : [success]: Robot saved successfully

[2023-01-31T07:34:48.369Z] : [success]: Robot saved successfully

[2023-01-31T07:34:59.256Z] : [success]: Robot saved successfully

[2023-01-31T07:35:07.146Z] : [success]: Robot saved successfully

[2023-01-31T07:35:12.589Z] : [success]: Robot saved successfully

[2023-01-31T07:35:25.716Z] : [success]: Robot saved successfully

[2023-01-31T07:35:26.037Z] : [success]: Robot saved successfully

[2023-01-31T07:35:26.739Z] : [success]: Robot saved successfully

[2023-01-31T07:35:26.982Z] : [success]: Robot saved successfully

[2023-01-31T07:35:59.492Z] : [success]: Robot saved successfully

[2023-01-31T07:36:09.453Z] : [success]: Robot saved successfully

[2023-01-31T07:36:16.989Z] : [success]: Robot saved successfully

[2023-01-31T07:36:26.459Z] : [success]: Robot saved successfully

[2023-01-31T07:36:37.230Z] : [success]: Robot saved successfully

[2023-01-31T07:36:42.740Z] : [success]: Robot saved successfully

[2023-01-31T07:36:44.489Z] : [success]: Robot saved successfully

[2023-01-31T07:36:53.796Z] : [success]: Robot saved successfully

[2023-01-31T07:37:00.427Z] : [success]: Robot saved successfully

[2023-01-31T07:37:27.164Z] : [success]: Robot saved successfully

[2023-01-31T07:37:27.874Z] : [success]: Robot saved successfully

[2023-01-31T07:37:28.090Z] : [success]: Robot saved successfully

[2023-01-31T07:37:30.941Z] : [success]: Robot saved successfully

[2023-01-31T07:37:31.326Z] : [success]: Robot saved successfully

[2023-01-31T07:37:31.565Z] : [success]: Robot saved successfully

[2023-01-31T07:37:35.263Z] : [success]: Robot saved successfully

[2023-01-31T07:37:36.266Z] : [success]: Robot saved successfully

[2023-01-31T07:37:36.741Z] : [success]: Robot saved successfully

[2023-01-31T07:37:41.070Z] : [success]: Robot saved successfully

[2023-01-31T07:38:26.730Z] : [success]: Robot saved successfully

[2023-01-31T07:38:38.243Z] : [success]: Robot saved successfully

[2023-01-31T07:38:57.691Z] : [success]: Robot saved successfully

[2023-01-31T07:39:05.838Z] : [success]: Robot saved successfully

[2023-01-31T07:39:08.825Z] : [success]: Robot saved successfully

[2023-01-31T07:39:14.598Z] : [success]: Robot saved successfully

[2023-01-31T07:39:41.550Z] : [success]: Robot saved successfully

[2023-01-31T07:39:45.235Z] : [success]: Robot saved successfully

[2023-01-31T07:40:01.608Z] : [success]: Robot saved successfully

[2023-01-31T07:40:10.231Z] : [success]: Robot saved successfully

[2023-01-31T07:40:38.657Z] : [success]: Robot saved successfully

[2023-01-31T07:40:47.083Z] : [success]: Robot saved successfully

[2023-01-31T07:40:49.320Z] : [success]: Robot saved successfully

[2023-01-31T07:40:49.567Z] : [success]: Robot saved successfully

[2023-01-31T07:40:50.733Z] : [success]: Robot saved successfully

[2023-01-31T07:41:17.982Z] : [success]: Robot saved successfully

[2023-01-31T07:41:26.823Z] : [success]: Robot saved successfully

[2023-01-31T07:41:43.849Z] : [success]: Robot saved successfully

[2023-01-31T07:41:47.221Z] : [success]: Robot saved successfully

[2023-01-31T07:41:47.491Z] : [success]: Robot saved successfully

[2023-01-31T07:41:47.816Z] : [success]: Robot saved successfully

[2023-01-31T07:41:52.618Z] : [success]: Robot saved successfully

[2023-01-31T07:42:06.718Z] : [success]: Robot saved successfully

[2023-01-31T07:42:09.197Z] : [success]: Robot saved successfully

[2023-01-31T07:42:26.219Z] : [success]: Robot saved successfully

[2023-01-31T07:42:28.505Z] : [success]: Robot saved successfully

[2023-01-31T07:42:42.275Z] : [success]: Robot saved successfully

[2023-01-31T07:42:44.710Z] : [success]: Robot saved successfully

[2023-01-31T07:42:47.715Z] : [success]: Robot saved successfully

[2023-01-31T07:43:09.989Z] : [success]: Robot saved successfully

[2023-01-31T07:43:14.423Z] : [success]: Robot saved successfully

[2023-01-31T07:43:17.413Z] : [success]: Robot saved successfully

[2023-01-31T07:43:18.934Z] : [success]: Robot saved successfully

[2023-01-31T07:43:23.373Z] : [success]: Robot saved successfully

[2023-01-31T07:43:26.183Z] : [success]: Robot saved successfully

[2023-01-31T07:43:27.660Z] : [success]: Robot saved successfully

[2023-01-31T07:44:01.060Z] : [success]: Robot saved successfully

[2023-01-31T07:44:20.182Z] : [success]: Robot saved successfully

[2023-01-31T07:44:28.804Z] : [success]: Robot saved successfully

[2023-01-31T07:45:16.681Z] : [success]: Robot saved successfully

[2023-01-31T07:45:20.730Z] : [success]: Robot saved successfully

[2023-01-31T07:45:23.401Z] : [success]: Robot saved successfully

[2023-01-31T07:45:29.583Z] : [success]: Robot saved successfully

[2023-01-31T07:45:34.324Z] : [success]: Robot saved successfully

[2023-01-31T07:46:05.265Z] : [success]: Robot saved successfully

[2023-01-31T07:46:07.610Z] : [success]: Robot saved successfully

[2023-01-31T07:46:15.608Z] : [success]: Robot saved successfully

[2023-01-31T07:46:24.372Z] : [success]: Robot saved successfully

[2023-01-31T07:46:36.337Z] : [success]: Robot saved successfully

[2023-01-31T07:46:42.079Z] : [success]: Robot saved successfully

[2023-01-31T07:46:45.924Z] : [success]: Robot saved successfully

[2023-01-31T07:46:46.527Z] : [success]: Robot saved successfully

[2023-01-31T07:46:49.689Z] : [success]: Robot saved successfully

[2023-01-31T07:47:13.524Z] : [success]: Robot saved successfully

[2023-01-31T07:47:13.825Z] : [success]: Robot saved successfully

[2023-01-31T07:47:14.073Z] : [success]: Robot saved successfully

[2023-01-31T07:47:24.403Z] : [success]: Robot saved successfully

[2023-01-31T07:47:26.823Z] : [success]: Robot saved successfully

[2023-01-31T07:47:51.386Z] : [success]: Robot saved successfully

[2023-01-31T07:47:59.006Z] : [success]: Robot saved successfully

[2023-01-31T07:47:59.604Z] : [success]: Robot saved successfully

[2023-01-31T07:48:00.253Z] : [success]: Robot saved successfully

[2023-01-31T07:48:08.266Z] : [success]: Robot saved successfully

[2023-01-31T07:48:40.215Z] : [success]: Robot saved successfully

[2023-01-31T07:48:48.934Z] : [success]: Robot saved successfully

[2023-01-31T07:48:49.580Z] : [success]: Robot saved successfully

[2023-01-31T07:48:57.507Z] : [success]: Robot saved successfully

[2023-01-31T07:48:57.823Z] : [success]: Robot saved successfully

[2023-01-31T07:48:58.069Z] : [success]: Robot saved successfully

[2023-01-31T07:49:04.413Z] : [success]: Robot saved successfully

[2023-01-31T07:49:13.232Z] : [success]: Robot saved successfully

[2023-01-31T07:49:15.433Z] : [success]: Robot saved successfully

[2023-01-31T07:49:23.107Z] : [success]: Robot saved successfully

[2023-01-31T07:50:41.052Z] : [success]: Robot saved successfully

[2023-01-31T07:50:46.063Z] : [success]: Robot saved successfully

[2023-01-31T07:50:46.403Z] : [success]: Robot saved successfully

[2023-01-31T07:50:46.640Z] : [success]: Robot saved successfully

[2023-01-31T07:50:49.958Z] : [success]: Robot saved successfully

[2023-01-31T07:50:59.390Z] : [success]: Robot saved successfully

[2023-01-31T07:51:00.647Z] : [success]: Robot saved successfully

[2023-01-31T07:51:10.184Z] : [success]: Robot saved successfully

[2023-01-31T07:51:10.577Z] : [success]: Robot saved successfully

[2023-01-31T07:51:16.147Z] : [success]: Robot saved successfully

[2023-01-31T07:51:16.415Z] : [success]: Robot saved successfully

[2023-01-31T07:51:50.983Z] : [success]: Robot saved successfully

[2023-01-31T07:52:11.699Z] : [success]: Robot saved successfully

[2023-01-31T07:52:33.983Z] : [success]: Robot saved successfully


  ==========================================
  Studio Pro version: 9.0.3
  Started at: 31.01.2023, 13:54:02
  ==========================================
  

[2023-01-31T07:54:34.087Z] : [success]: Robot saved successfully

[2023-01-31T07:54:53.218Z] : [success]: Robot saved successfully

[2023-01-31T07:55:00.465Z] : [success]: Robot saved successfully

[2023-01-31T07:55:30.315Z] : [success]: Robot saved successfully

[2023-01-31T07:55:31.308Z] : [success]: Robot saved successfully

[2023-01-31T07:55:41.332Z] : [success]: Robot saved successfully

[2023-01-31T07:55:42.881Z] : [success]: Robot saved successfully

[2023-01-31T07:56:05.294Z] : [success]: Robot saved successfully

[2023-01-31T07:56:09.817Z] : [success]: Robot saved successfully

[2023-01-31T07:56:12.743Z] : [success]: Robot saved successfully

[2023-01-31T07:56:51.327Z] : [success]: Robot saved successfully

[2023-01-31T07:56:57.361Z] : [success]: Robot saved successfully

[2023-01-31T07:56:57.661Z] : [success]: Robot saved successfully

[2023-01-31T07:57:02.520Z] : [success]: Robot saved successfully

[2023-01-31T07:57:16.013Z] : [success]: Robot saved successfully

[2023-01-31T07:57:25.089Z] : [success]: Robot saved successfully

[2023-01-31T07:57:27.026Z] : [success]: Robot saved successfully

[2023-01-31T07:57:56.032Z] : [success]: Robot saved successfully

[2023-01-31T07:58:06.916Z] : [success]: Robot saved successfully

[2023-01-31T07:58:11.738Z] : [success]: Robot saved successfully

[2023-01-31T07:58:12.251Z] : [success]: Robot saved successfully

[2023-01-31T07:58:15.612Z] : [success]: Robot saved successfully

[2023-01-31T07:58:15.900Z] : [success]: Robot saved successfully

[2023-01-31T07:58:54.486Z] : [success]: Robot saved successfully

[2023-01-31T07:59:12.725Z] : [success]: Robot saved successfully

[2023-01-31T07:59:13.003Z] : [success]: Robot saved successfully

[2023-01-31T07:59:13.215Z] : [success]: Robot saved successfully

[2023-01-31T07:59:17.720Z] : [success]: Robot saved successfully

[2023-01-31T07:59:50.565Z] : [success]: Robot saved successfully

[2023-01-31T08:00:07.863Z] : [success]: Robot saved successfully

[2023-01-31T08:01:40.451Z] : [success]: Robot saved successfully

[2023-01-31T08:01:48.462Z] : [success]: Robot saved successfully

[2023-01-31T08:02:07.779Z] : [success]: Robot saved successfully

[2023-01-31T08:08:06.521Z] : [error]: ScriptConverter:getStatement: activity.params.subroutine_path is required

[2023-01-31T08:08:08.457Z] : [error]: ScriptConverter:getStatement: activity.params.subroutine_path is required

[2023-01-31T08:08:26.143Z] : [error]: ScriptConverter:getStatement: activity.params.subroutine_path is required

[2023-01-31T08:08:33.858Z] : [success]: Robot saved successfully

[2023-01-31T08:08:36.728Z] : [success]: Robot saved successfully

[2023-01-31T08:08:45.781Z] : [success]: Robot saved successfully

[2023-01-31T08:08:52.811Z] : [success]: Robot saved successfully

